-------------------------------------------------------------------------------
Test set: XmlFilenameFilterTest
-------------------------------------------------------------------------------
Tests run: 1, Failures: 1, Errors: 0, Skipped: 0, Time elapsed: 0.001 sec <<< FAILURE! - in XmlFilenameFilterTest
testAccept(XmlFilenameFilterTest)  Time elapsed: 0 sec  <<< FAILURE!
java.lang.AssertionError: Not yet implemented
	at org.junit.Assert.fail(Assert.java:91)
	at XmlFilenameFilterTest.testAccept(XmlFilenameFilterTest.java:10)

